<?xml version="1.0" encoding="UTF-8"?>
<testsuite xmlns:xsi="http://www.w3.org/2001/XMLSchema-instance" xsi:noNamespaceSchemaLocation="https://maven.apache.org/surefire/maven-surefire-plugin/xsd/surefire-test-report.xsd" name="com.offershopper.uservendoractivityservice.UservendorActivityServiceControllerTests" time="10.172" tests="30" errors="0" skipped="0" failures="0">
  <properties>
    <property name="awt.toolkit" value="sun.awt.X11.XToolkit"/>
    <property name="file.encoding.pkg" value="sun.io"/>
    <property name="java.specification.version" value="1.8"/>
    <property name="sun.cpu.isalist" value=""/>
    <property name="sun.jnu.encoding" value="UTF-8"/>
    <property name="java.class.path" value="/home/sapient/Documents/uservendor-activity-service/target/test-classes:/home/sapient/Documents/uservendor-activity-service/target/classes:/root/.m2/repository/org/springframework/boot/spring-boot-starter-web/2.0.1.RELEASE/spring-boot-starter-web-2.0.1.RELEASE.jar:/root/.m2/repository/org/springframework/boot/spring-boot-starter/2.0.1.RELEASE/spring-boot-starter-2.0.1.RELEASE.jar:/root/.m2/repository/org/springframework/boot/spring-boot/2.0.1.RELEASE/spring-boot-2.0.1.RELEASE.jar:/root/.m2/repository/org/springframework/boot/spring-boot-autoconfigure/2.0.1.RELEASE/spring-boot-autoconfigure-2.0.1.RELEASE.jar:/root/.m2/repository/org/springframework/boot/spring-boot-starter-logging/2.0.1.RELEASE/spring-boot-starter-logging-2.0.1.RELEASE.jar:/root/.m2/repository/ch/qos/logback/logback-classic/1.2.3/logback-classic-1.2.3.jar:/root/.m2/repository/ch/qos/logback/logback-core/1.2.3/logback-core-1.2.3.jar:/root/.m2/repository/org/apache/logging/log4j/log4j-to-slf4j/2.10.0/log4j-to-slf4j-2.10.0.jar:/root/.m2/repository/org/apache/logging/log4j/log4j-api/2.10.0/log4j-api-2.10.0.jar:/root/.m2/repository/org/slf4j/jul-to-slf4j/1.7.25/jul-to-slf4j-1.7.25.jar:/root/.m2/repository/javax/annotation/javax.annotation-api/1.3.2/javax.annotation-api-1.3.2.jar:/root/.m2/repository/org/yaml/snakeyaml/1.19/snakeyaml-1.19.jar:/root/.m2/repository/org/springframework/boot/spring-boot-starter-json/2.0.1.RELEASE/spring-boot-starter-json-2.0.1.RELEASE.jar:/root/.m2/repository/com/fasterxml/jackson/datatype/jackson-datatype-jdk8/2.9.3/jackson-datatype-jdk8-2.9.3.jar:/root/.m2/repository/com/fasterxml/jackson/datatype/jackson-datatype-jsr310/2.9.3/jackson-datatype-jsr310-2.9.3.jar:/root/.m2/repository/com/fasterxml/jackson/module/jackson-module-parameter-names/2.9.3/jackson-module-parameter-names-2.9.3.jar:/root/.m2/repository/org/springframework/boot/spring-boot-starter-tomcat/2.0.1.RELEASE/spring-boot-starter-tomcat-2.0.1.RELEASE.jar:/root/.m2/repository/org/apache/tomcat/embed/tomcat-embed-core/8.5.29/tomcat-embed-core-8.5.29.jar:/root/.m2/repository/org/apache/tomcat/embed/tomcat-embed-el/8.5.29/tomcat-embed-el-8.5.29.jar:/root/.m2/repository/org/apache/tomcat/embed/tomcat-embed-websocket/8.5.29/tomcat-embed-websocket-8.5.29.jar:/root/.m2/repository/org/hibernate/validator/hibernate-validator/6.0.9.Final/hibernate-validator-6.0.9.Final.jar:/root/.m2/repository/javax/validation/validation-api/2.0.1.Final/validation-api-2.0.1.Final.jar:/root/.m2/repository/org/jboss/logging/jboss-logging/3.3.2.Final/jboss-logging-3.3.2.Final.jar:/root/.m2/repository/org/springframework/spring-web/5.0.5.RELEASE/spring-web-5.0.5.RELEASE.jar:/root/.m2/repository/org/springframework/spring-beans/5.0.5.RELEASE/spring-beans-5.0.5.RELEASE.jar:/root/.m2/repository/org/springframework/spring-webmvc/5.0.5.RELEASE/spring-webmvc-5.0.5.RELEASE.jar:/root/.m2/repository/org/springframework/spring-aop/5.0.5.RELEASE/spring-aop-5.0.5.RELEASE.jar:/root/.m2/repository/org/springframework/spring-context/5.0.5.RELEASE/spring-context-5.0.5.RELEASE.jar:/root/.m2/repository/org/springframework/spring-expression/5.0.5.RELEASE/spring-expression-5.0.5.RELEASE.jar:/root/.m2/repository/org/springframework/cloud/spring-cloud-starter-config/2.0.0.M9/spring-cloud-starter-config-2.0.0.M9.jar:/root/.m2/repository/org/springframework/cloud/spring-cloud-starter/2.0.0.M9/spring-cloud-starter-2.0.0.M9.jar:/root/.m2/repository/org/springframework/cloud/spring-cloud-context/2.0.0.M9/spring-cloud-context-2.0.0.M9.jar:/root/.m2/repository/org/springframework/security/spring-security-rsa/1.0.5.RELEASE/spring-security-rsa-1.0.5.RELEASE.jar:/root/.m2/repository/org/bouncycastle/bcpkix-jdk15on/1.56/bcpkix-jdk15on-1.56.jar:/root/.m2/repository/org/bouncycastle/bcprov-jdk15on/1.56/bcprov-jdk15on-1.56.jar:/root/.m2/repository/org/springframework/cloud/spring-cloud-config-client/2.0.0.M9/spring-cloud-config-client-2.0.0.M9.jar:/root/.m2/repository/com/fasterxml/jackson/core/jackson-annotations/2.9.0/jackson-annotations-2.9.0.jar:/root/.m2/repository/com/fasterxml/jackson/core/jackson-databind/2.9.3/jackson-databind-2.9.3.jar:/root/.m2/repository/com/fasterxml/jackson/core/jackson-core/2.9.3/jackson-core-2.9.3.jar:/root/.m2/repository/org/springframework/cloud/spring-cloud-starter-netflix-eureka-client/2.0.0.M8/spring-cloud-starter-netflix-eureka-client-2.0.0.M8.jar:/root/.m2/repository/org/springframework/cloud/spring-cloud-netflix-core/2.0.0.M8/spring-cloud-netflix-core-2.0.0.M8.jar:/root/.m2/repository/org/springframework/cloud/spring-cloud-netflix-eureka-client/2.0.0.M8/spring-cloud-netflix-eureka-client-2.0.0.M8.jar:/root/.m2/repository/com/netflix/eureka/eureka-client/1.8.7/eureka-client-1.8.7.jar:/root/.m2/repository/org/codehaus/jettison/jettison/1.3.7/jettison-1.3.7.jar:/root/.m2/repository/stax/stax-api/1.0.1/stax-api-1.0.1.jar:/root/.m2/repository/com/netflix/netflix-commons/netflix-eventbus/0.3.0/netflix-eventbus-0.3.0.jar:/root/.m2/repository/com/netflix/netflix-commons/netflix-infix/0.3.0/netflix-infix-0.3.0.jar:/root/.m2/repository/commons-jxpath/commons-jxpath/1.3/commons-jxpath-1.3.jar:/root/.m2/repository/joda-time/joda-time/2.9.9/joda-time-2.9.9.jar:/root/.m2/repository/org/antlr/antlr-runtime/3.4/antlr-runtime-3.4.jar:/root/.m2/repository/org/antlr/stringtemplate/3.2.1/stringtemplate-3.2.1.jar:/root/.m2/repository/antlr/antlr/2.7.7/antlr-2.7.7.jar:/root/.m2/repository/com/google/code/gson/gson/2.8.2/gson-2.8.2.jar:/root/.m2/repository/org/apache/commons/commons-math/2.2/commons-math-2.2.jar:/root/.m2/repository/com/netflix/archaius/archaius-core/0.7.5/archaius-core-0.7.5.jar:/root/.m2/repository/javax/ws/rs/jsr311-api/1.1.1/jsr311-api-1.1.1.jar:/root/.m2/repository/com/netflix/servo/servo-core/0.10.1/servo-core-0.10.1.jar:/root/.m2/repository/com/netflix/servo/servo-internal/0.10.1/servo-internal-0.10.1.jar:/root/.m2/repository/com/sun/jersey/jersey-core/1.19.1/jersey-core-1.19.1.jar:/root/.m2/repository/com/sun/jersey/jersey-client/1.19.1/jersey-client-1.19.1.jar:/root/.m2/repository/com/sun/jersey/contribs/jersey-apache-client4/1.19.1/jersey-apache-client4-1.19.1.jar:/root/.m2/repository/org/apache/httpcomponents/httpclient/4.5.5/httpclient-4.5.5.jar:/root/.m2/repository/org/apache/httpcomponents/httpcore/4.4.9/httpcore-4.4.9.jar:/root/.m2/repository/commons-codec/commons-codec/1.11/commons-codec-1.11.jar:/root/.m2/repository/com/google/inject/guice/4.1.0/guice-4.1.0.jar:/root/.m2/repository/aopalliance/aopalliance/1.0/aopalliance-1.0.jar:/root/.m2/repository/com/github/vlsi/compactmap/compactmap/1.2.1/compactmap-1.2.1.jar:/root/.m2/repository/com/github/andrewoma/dexx/dexx-collections/0.2/dexx-collections-0.2.jar:/root/.m2/repository/com/netflix/eureka/eureka-core/1.8.7/eureka-core-1.8.7.jar:/root/.m2/repository/org/codehaus/woodstox/woodstox-core-asl/4.4.1/woodstox-core-asl-4.4.1.jar:/root/.m2/repository/javax/xml/stream/stax-api/1.0-2/stax-api-1.0-2.jar:/root/.m2/repository/org/codehaus/woodstox/stax2-api/3.1.4/stax2-api-3.1.4.jar:/root/.m2/repository/org/springframework/cloud/spring-cloud-starter-netflix-archaius/2.0.0.M8/spring-cloud-starter-netflix-archaius-2.0.0.M8.jar:/root/.m2/repository/org/springframework/cloud/spring-cloud-netflix-archaius/2.0.0.M8/spring-cloud-netflix-archaius-2.0.0.M8.jar:/root/.m2/repository/commons-configuration/commons-configuration/1.8/commons-configuration-1.8.jar:/root/.m2/repository/com/netflix/ribbon/ribbon-eureka/2.2.5/ribbon-eureka-2.2.5.jar:/root/.m2/repository/com/thoughtworks/xstream/xstream/1.4.10/xstream-1.4.10.jar:/root/.m2/repository/xmlpull/xmlpull/1.1.3.1/xmlpull-1.1.3.1.jar:/root/.m2/repository/xpp3/xpp3_min/1.1.4c/xpp3_min-1.1.4c.jar:/root/.m2/repository/org/springframework/cloud/spring-cloud-starter-netflix-hystrix/2.0.0.M8/spring-cloud-starter-netflix-hystrix-2.0.0.M8.jar:/root/.m2/repository/org/springframework/cloud/spring-cloud-netflix-ribbon/2.0.0.M8/spring-cloud-netflix-ribbon-2.0.0.M8.jar:/root/.m2/repository/com/netflix/hystrix/hystrix-core/1.5.12/hystrix-core-1.5.12.jar:/root/.m2/repository/org/hdrhistogram/HdrHistogram/2.1.9/HdrHistogram-2.1.9.jar:/root/.m2/repository/com/netflix/hystrix/hystrix-serialization/1.5.12/hystrix-serialization-1.5.12.jar:/root/.m2/repository/com/fasterxml/jackson/module/jackson-module-afterburner/2.9.3/jackson-module-afterburner-2.9.3.jar:/root/.m2/repository/com/netflix/hystrix/hystrix-metrics-event-stream/1.5.12/hystrix-metrics-event-stream-1.5.12.jar:/root/.m2/repository/com/netflix/hystrix/hystrix-javanica/1.5.12/hystrix-javanica-1.5.12.jar:/root/.m2/repository/org/ow2/asm/asm/5.0.4/asm-5.0.4.jar:/root/.m2/repository/org/aspectj/aspectjweaver/1.8.13/aspectjweaver-1.8.13.jar:/root/.m2/repository/io/reactivex/rxjava-reactive-streams/1.2.1/rxjava-reactive-streams-1.2.1.jar:/root/.m2/repository/org/reactivestreams/reactive-streams/1.0.2/reactive-streams-1.0.2.jar:/root/.m2/repository/org/springframework/cloud/spring-cloud-starter-netflix-hystrix-dashboard/2.0.0.M8/spring-cloud-starter-netflix-hystrix-dashboard-2.0.0.M8.jar:/root/.m2/repository/org/springframework/cloud/spring-cloud-netflix-hystrix-dashboard/2.0.0.M8/spring-cloud-netflix-hystrix-dashboard-2.0.0.M8.jar:/root/.m2/repository/org/springframework/boot/spring-boot-starter-freemarker/2.0.1.RELEASE/spring-boot-starter-freemarker-2.0.1.RELEASE.jar:/root/.m2/repository/org/freemarker/freemarker/2.3.28/freemarker-2.3.28.jar:/root/.m2/repository/org/springframework/spring-context-support/5.0.5.RELEASE/spring-context-support-5.0.5.RELEASE.jar:/root/.m2/repository/org/webjars/jquery/2.1.1/jquery-2.1.1.jar:/root/.m2/repository/org/webjars/d3js/3.4.11/d3js-3.4.11.jar:/root/.m2/repository/org/springframework/cloud/spring-cloud-starter-netflix-ribbon/2.0.0.M8/spring-cloud-starter-netflix-ribbon-2.0.0.M8.jar:/root/.m2/repository/com/netflix/ribbon/ribbon/2.2.5/ribbon-2.2.5.jar:/root/.m2/repository/com/netflix/ribbon/ribbon-transport/2.2.5/ribbon-transport-2.2.5.jar:/root/.m2/repository/io/reactivex/rxnetty-contexts/0.4.9/rxnetty-contexts-0.4.9.jar:/root/.m2/repository/io/reactivex/rxnetty-servo/0.4.9/rxnetty-servo-0.4.9.jar:/root/.m2/repository/javax/inject/javax.inject/1/javax.inject-1.jar:/root/.m2/repository/io/reactivex/rxnetty/0.4.9/rxnetty-0.4.9.jar:/root/.m2/repository/io/netty/netty-codec-http/4.1.23.Final/netty-codec-http-4.1.23.Final.jar:/root/.m2/repository/io/netty/netty-codec/4.1.23.Final/netty-codec-4.1.23.Final.jar:/root/.m2/repository/io/netty/netty-transport-native-epoll/4.1.23.Final/netty-transport-native-epoll-4.1.23.Final.jar:/root/.m2/repository/io/netty/netty-common/4.1.23.Final/netty-common-4.1.23.Final.jar:/root/.m2/repository/io/netty/netty-buffer/4.1.23.Final/netty-buffer-4.1.23.Final.jar:/root/.m2/repository/io/netty/netty-transport-native-unix-common/4.1.23.Final/netty-transport-native-unix-common-4.1.23.Final.jar:/root/.m2/repository/io/netty/netty-transport/4.1.23.Final/netty-transport-4.1.23.Final.jar:/root/.m2/repository/io/netty/netty-resolver/4.1.23.Final/netty-resolver-4.1.23.Final.jar:/root/.m2/repository/com/netflix/ribbon/ribbon-core/2.2.5/ribbon-core-2.2.5.jar:/root/.m2/repository/commons-lang/commons-lang/2.6/commons-lang-2.6.jar:/root/.m2/repository/com/netflix/ribbon/ribbon-httpclient/2.2.5/ribbon-httpclient-2.2.5.jar:/root/.m2/repository/commons-collections/commons-collections/3.2.2/commons-collections-3.2.2.jar:/root/.m2/repository/com/netflix/netflix-commons/netflix-commons-util/0.1.1/netflix-commons-util-0.1.1.jar:/root/.m2/repository/com/netflix/ribbon/ribbon-loadbalancer/2.2.5/ribbon-loadbalancer-2.2.5.jar:/root/.m2/repository/com/netflix/netflix-commons/netflix-statistics/0.1.1/netflix-statistics-0.1.1.jar:/root/.m2/repository/io/reactivex/rxjava/1.3.8/rxjava-1.3.8.jar:/root/.m2/repository/org/springframework/cloud/spring-cloud-starter-netflix-turbine/2.0.0.M8/spring-cloud-starter-netflix-turbine-2.0.0.M8.jar:/root/.m2/repository/org/springframework/cloud/spring-cloud-netflix-turbine/2.0.0.M8/spring-cloud-netflix-turbine-2.0.0.M8.jar:/root/.m2/repository/com/netflix/turbine/turbine-core/1.0.0/turbine-core-1.0.0.jar:/root/.m2/repository/org/codehaus/jackson/jackson-mapper-asl/1.9.2/jackson-mapper-asl-1.9.2.jar:/root/.m2/repository/commons-io/commons-io/2.4/commons-io-2.4.jar:/root/.m2/repository/org/codehaus/jackson/jackson-core-asl/1.9.2/jackson-core-asl-1.9.2.jar:/root/.m2/repository/org/springframework/cloud/spring-cloud-starter-openfeign/2.0.0.M2/spring-cloud-starter-openfeign-2.0.0.M2.jar:/root/.m2/repository/org/springframework/cloud/spring-cloud-openfeign-core/2.0.0.M2/spring-cloud-openfeign-core-2.0.0.M2.jar:/root/.m2/repository/org/springframework/cloud/spring-cloud-commons/2.0.0.M9/spring-cloud-commons-2.0.0.M9.jar:/root/.m2/repository/org/springframework/security/spring-security-crypto/5.0.4.RELEASE/spring-security-crypto-5.0.4.RELEASE.jar:/root/.m2/repository/io/github/openfeign/feign-core/9.5.1/feign-core-9.5.1.jar:/root/.m2/repository/io/github/openfeign/feign-slf4j/9.5.1/feign-slf4j-9.5.1.jar:/root/.m2/repository/io/github/openfeign/feign-hystrix/9.5.1/feign-hystrix-9.5.1.jar:/root/.m2/repository/io/github/openfeign/feign-java8/9.5.1/feign-java8-9.5.1.jar:/root/.m2/repository/org/springframework/cloud/spring-cloud-starter-sleuth/2.0.0.M9/spring-cloud-starter-sleuth-2.0.0.M9.jar:/root/.m2/repository/org/springframework/boot/spring-boot-starter-aop/2.0.1.RELEASE/spring-boot-starter-aop-2.0.1.RELEASE.jar:/root/.m2/repository/org/springframework/cloud/spring-cloud-sleuth-core/2.0.0.M9/spring-cloud-sleuth-core-2.0.0.M9.jar:/root/.m2/repository/org/aspectj/aspectjrt/1.8.13/aspectjrt-1.8.13.jar:/root/.m2/repository/io/zipkin/brave/brave/4.18.2/brave-4.18.2.jar:/root/.m2/repository/io/zipkin/brave/brave-context-log4j2/4.18.2/brave-context-log4j2-4.18.2.jar:/root/.m2/repository/io/zipkin/brave/brave-instrumentation-spring-web/4.18.2/brave-instrumentation-spring-web-4.18.2.jar:/root/.m2/repository/io/zipkin/brave/brave-instrumentation-http/4.18.2/brave-instrumentation-http-4.18.2.jar:/root/.m2/repository/io/zipkin/brave/brave-instrumentation-spring-rabbit/4.18.2/brave-instrumentation-spring-rabbit-4.18.2.jar:/root/.m2/repository/io/zipkin/brave/brave-instrumentation-kafka-clients/4.18.2/brave-instrumentation-kafka-clients-4.18.2.jar:/root/.m2/repository/io/zipkin/brave/brave-instrumentation-httpclient/4.18.2/brave-instrumentation-httpclient-4.18.2.jar:/root/.m2/repository/io/zipkin/brave/brave-instrumentation-httpasyncclient/4.18.2/brave-instrumentation-httpasyncclient-4.18.2.jar:/root/.m2/repository/io/zipkin/brave/brave-instrumentation-spring-webmvc/4.18.2/brave-instrumentation-spring-webmvc-4.18.2.jar:/root/.m2/repository/io/zipkin/brave/brave-instrumentation-servlet/4.18.2/brave-instrumentation-servlet-4.18.2.jar:/root/.m2/repository/org/springframework/cloud/spring-cloud-starter-zipkin/2.0.0.M9/spring-cloud-starter-zipkin-2.0.0.M9.jar:/root/.m2/repository/org/springframework/cloud/spring-cloud-sleuth-zipkin/2.0.0.M9/spring-cloud-sleuth-zipkin-2.0.0.M9.jar:/root/.m2/repository/io/zipkin/zipkin2/zipkin/2.6.1/zipkin-2.6.1.jar:/root/.m2/repository/io/zipkin/reporter2/zipkin-reporter/2.5.0/zipkin-reporter-2.5.0.jar:/root/.m2/repository/io/zipkin/reporter2/zipkin-sender-kafka11/2.5.0/zipkin-sender-kafka11-2.5.0.jar:/root/.m2/repository/io/zipkin/reporter2/zipkin-sender-amqp-client/2.5.0/zipkin-sender-amqp-client-2.5.0.jar:/root/.m2/repository/org/springframework/boot/spring-boot-starter-amqp/2.0.1.RELEASE/spring-boot-starter-amqp-2.0.1.RELEASE.jar:/root/.m2/repository/org/springframework/spring-messaging/5.0.5.RELEASE/spring-messaging-5.0.5.RELEASE.jar:/root/.m2/repository/org/springframework/amqp/spring-rabbit/2.0.3.RELEASE/spring-rabbit-2.0.3.RELEASE.jar:/root/.m2/repository/org/springframework/amqp/spring-amqp/2.0.3.RELEASE/spring-amqp-2.0.3.RELEASE.jar:/root/.m2/repository/com/rabbitmq/amqp-client/5.1.2/amqp-client-5.1.2.jar:/root/.m2/repository/com/rabbitmq/http-client/2.0.1.RELEASE/http-client-2.0.1.RELEASE.jar:/root/.m2/repository/org/springframework/spring-webflux/5.0.5.RELEASE/spring-webflux-5.0.5.RELEASE.jar:/root/.m2/repository/io/projectreactor/ipc/reactor-netty/0.7.6.RELEASE/reactor-netty-0.7.6.RELEASE.jar:/root/.m2/repository/io/netty/netty-handler/4.1.23.Final/netty-handler-4.1.23.Final.jar:/root/.m2/repository/io/netty/netty-handler-proxy/4.1.23.Final/netty-handler-proxy-4.1.23.Final.jar:/root/.m2/repository/io/netty/netty-codec-socks/4.1.23.Final/netty-codec-socks-4.1.23.Final.jar:/root/.m2/repository/org/springframework/spring-tx/5.0.5.RELEASE/spring-tx-5.0.5.RELEASE.jar:/root/.m2/repository/org/springframework/retry/spring-retry/1.2.2.RELEASE/spring-retry-1.2.2.RELEASE.jar:/root/.m2/repository/org/springframework/cloud/spring-cloud-starter-bus-amqp/2.0.0.M7/spring-cloud-starter-bus-amqp-2.0.0.M7.jar:/root/.m2/repository/org/springframework/cloud/spring-cloud-starter-stream-rabbit/2.0.0.RC3/spring-cloud-starter-stream-rabbit-2.0.0.RC3.jar:/root/.m2/repository/org/springframework/cloud/spring-cloud-stream-binder-rabbit/2.0.0.RC3/spring-cloud-stream-binder-rabbit-2.0.0.RC3.jar:/root/.m2/repository/org/springframework/cloud/spring-cloud-stream-binder-rabbit-core/2.0.0.RC3/spring-cloud-stream-binder-rabbit-core-2.0.0.RC3.jar:/root/.m2/repository/org/springframework/integration/spring-integration-amqp/5.0.4.RELEASE/spring-integration-amqp-5.0.4.RELEASE.jar:/root/.m2/repository/org/springframework/integration/spring-integration-jmx/5.0.4.RELEASE/spring-integration-jmx-5.0.4.RELEASE.jar:/root/.m2/repository/org/springframework/cloud/spring-cloud-bus/2.0.0.M7/spring-cloud-bus-2.0.0.M7.jar:/root/.m2/repository/org/springframework/cloud/spring-cloud-stream/2.0.0.RC3/spring-cloud-stream-2.0.0.RC3.jar:/root/.m2/repository/org/springframework/boot/spring-boot-starter-validation/2.0.1.RELEASE/spring-boot-starter-validation-2.0.1.RELEASE.jar:/root/.m2/repository/org/springframework/spring-tuple/1.0.0.RELEASE/spring-tuple-1.0.0.RELEASE.jar:/root/.m2/repository/com/esotericsoftware/kryo-shaded/3.0.3/kryo-shaded-3.0.3.jar:/root/.m2/repository/com/esotericsoftware/minlog/1.3.0/minlog-1.3.0.jar:/root/.m2/repository/org/springframework/integration/spring-integration-tuple/1.0.0.RELEASE/spring-integration-tuple-1.0.0.RELEASE.jar:/root/.m2/repository/org/springframework/integration/spring-integration-core/5.0.4.RELEASE/spring-integration-core-5.0.4.RELEASE.jar:/root/.m2/repository/io/projectreactor/reactor-core/3.1.6.RELEASE/reactor-core-3.1.6.RELEASE.jar:/root/.m2/repository/org/springframework/boot/spring-boot-starter-data-mongodb/2.0.1.RELEASE/spring-boot-starter-data-mongodb-2.0.1.RELEASE.jar:/root/.m2/repository/org/mongodb/mongodb-driver/3.6.3/mongodb-driver-3.6.3.jar:/root/.m2/repository/org/mongodb/bson/3.6.3/bson-3.6.3.jar:/root/.m2/repository/org/mongodb/mongodb-driver-core/3.6.3/mongodb-driver-core-3.6.3.jar:/root/.m2/repository/org/springframework/data/spring-data-mongodb/2.0.6.RELEASE/spring-data-mongodb-2.0.6.RELEASE.jar:/root/.m2/repository/org/springframework/data/spring-data-commons/2.0.6.RELEASE/spring-data-commons-2.0.6.RELEASE.jar:/root/.m2/repository/org/apache/maven/maven-model/3.3.9/maven-model-3.3.9.jar:/root/.m2/repository/org/codehaus/plexus/plexus-utils/3.0.22/plexus-utils-3.0.22.jar:/root/.m2/repository/org/apache/commons/commons-lang3/3.7/commons-lang3-3.7.jar:/root/.m2/repository/io/springfox/springfox-swagger2/2.6.1/springfox-swagger2-2.6.1.jar:/root/.m2/repository/io/swagger/swagger-annotations/1.5.10/swagger-annotations-1.5.10.jar:/root/.m2/repository/io/swagger/swagger-models/1.5.10/swagger-models-1.5.10.jar:/root/.m2/repository/io/springfox/springfox-spi/2.6.1/springfox-spi-2.6.1.jar:/root/.m2/repository/io/springfox/springfox-core/2.6.1/springfox-core-2.6.1.jar:/root/.m2/repository/io/springfox/springfox-schema/2.6.1/springfox-schema-2.6.1.jar:/root/.m2/repository/io/springfox/springfox-swagger-common/2.6.1/springfox-swagger-common-2.6.1.jar:/root/.m2/repository/io/springfox/springfox-spring-web/2.6.1/springfox-spring-web-2.6.1.jar:/root/.m2/repository/com/google/guava/guava/18.0/guava-18.0.jar:/root/.m2/repository/com/fasterxml/classmate/1.3.4/classmate-1.3.4.jar:/root/.m2/repository/org/slf4j/slf4j-api/1.7.25/slf4j-api-1.7.25.jar:/root/.m2/repository/org/springframework/plugin/spring-plugin-core/1.2.0.RELEASE/spring-plugin-core-1.2.0.RELEASE.jar:/root/.m2/repository/org/springframework/plugin/spring-plugin-metadata/1.2.0.RELEASE/spring-plugin-metadata-1.2.0.RELEASE.jar:/root/.m2/repository/org/mapstruct/mapstruct/1.0.0.Final/mapstruct-1.0.0.Final.jar:/root/.m2/repository/io/springfox/springfox-swagger-ui/2.6.1/springfox-swagger-ui-2.6.1.jar:/root/.m2/repository/org/springframework/boot/spring-boot-starter-test/2.0.1.RELEASE/spring-boot-starter-test-2.0.1.RELEASE.jar:/root/.m2/repository/org/springframework/boot/spring-boot-test/2.0.1.RELEASE/spring-boot-test-2.0.1.RELEASE.jar:/root/.m2/repository/org/springframework/boot/spring-boot-test-autoconfigure/2.0.1.RELEASE/spring-boot-test-autoconfigure-2.0.1.RELEASE.jar:/root/.m2/repository/com/jayway/jsonpath/json-path/2.4.0/json-path-2.4.0.jar:/root/.m2/repository/net/minidev/json-smart/2.3/json-smart-2.3.jar:/root/.m2/repository/net/minidev/accessors-smart/1.2/accessors-smart-1.2.jar:/root/.m2/repository/junit/junit/4.12/junit-4.12.jar:/root/.m2/repository/org/assertj/assertj-core/3.9.1/assertj-core-3.9.1.jar:/root/.m2/repository/org/mockito/mockito-core/2.15.0/mockito-core-2.15.0.jar:/root/.m2/repository/net/bytebuddy/byte-buddy/1.7.11/byte-buddy-1.7.11.jar:/root/.m2/repository/net/bytebuddy/byte-buddy-agent/1.7.11/byte-buddy-agent-1.7.11.jar:/root/.m2/repository/org/objenesis/objenesis/2.6/objenesis-2.6.jar:/root/.m2/repository/org/hamcrest/hamcrest-core/1.3/hamcrest-core-1.3.jar:/root/.m2/repository/org/hamcrest/hamcrest-library/1.3/hamcrest-library-1.3.jar:/root/.m2/repository/org/skyscreamer/jsonassert/1.5.0/jsonassert-1.5.0.jar:/root/.m2/repository/com/vaadin/external/google/android-json/0.0.20131108.vaadin1/android-json-0.0.20131108.vaadin1.jar:/root/.m2/repository/org/springframework/spring-core/5.0.5.RELEASE/spring-core-5.0.5.RELEASE.jar:/root/.m2/repository/org/springframework/spring-jcl/5.0.5.RELEASE/spring-jcl-5.0.5.RELEASE.jar:/root/.m2/repository/org/springframework/spring-test/5.0.5.RELEASE/spring-test-5.0.5.RELEASE.jar:/root/.m2/repository/org/xmlunit/xmlunit-core/2.5.1/xmlunit-core-2.5.1.jar:/root/.m2/repository/com/thetransactioncompany/cors-filter/2.6/cors-filter-2.6.jar:/root/.m2/repository/com/thetransactioncompany/java-property-utils/1.9.1/java-property-utils-1.9.1.jar:"/>
    <property name="java.vm.vendor" value="Oracle Corporation"/>
    <property name="sun.arch.data.model" value="64"/>
    <property name="java.vendor.url" value="http://java.oracle.com/"/>
    <property name="user.timezone" value=""/>
    <property name="java.vm.specification.version" value="1.8"/>
    <property name="os.name" value="Linux"/>
    <property name="user.country" value="IN"/>
    <property name="sun.java.launcher" value="SUN_STANDARD"/>
    <property name="sun.boot.library.path" value="/usr/lib/jvm/java-8-openjdk-amd64/jre/lib/amd64"/>
    <property name="sun.java.command" value="/home/sapient/Documents/uservendor-activity-service/target/surefire/surefirebooter396580088544819375.jar /home/sapient/Documents/uservendor-activity-service/target/surefire 2018-04-19T10-36-12_795-jvmRun1 surefire4095796912262458262tmp surefire_01653078140091256996tmp"/>
    <property name="surefire.test.class.path" value="/home/sapient/Documents/uservendor-activity-service/target/test-classes:/home/sapient/Documents/uservendor-activity-service/target/classes:/root/.m2/repository/org/springframework/boot/spring-boot-starter-web/2.0.1.RELEASE/spring-boot-starter-web-2.0.1.RELEASE.jar:/root/.m2/repository/org/springframework/boot/spring-boot-starter/2.0.1.RELEASE/spring-boot-starter-2.0.1.RELEASE.jar:/root/.m2/repository/org/springframework/boot/spring-boot/2.0.1.RELEASE/spring-boot-2.0.1.RELEASE.jar:/root/.m2/repository/org/springframework/boot/spring-boot-autoconfigure/2.0.1.RELEASE/spring-boot-autoconfigure-2.0.1.RELEASE.jar:/root/.m2/repository/org/springframework/boot/spring-boot-starter-logging/2.0.1.RELEASE/spring-boot-starter-logging-2.0.1.RELEASE.jar:/root/.m2/repository/ch/qos/logback/logback-classic/1.2.3/logback-classic-1.2.3.jar:/root/.m2/repository/ch/qos/logback/logback-core/1.2.3/logback-core-1.2.3.jar:/root/.m2/repository/org/apache/logging/log4j/log4j-to-slf4j/2.10.0/log4j-to-slf4j-2.10.0.jar:/root/.m2/repository/org/apache/logging/log4j/log4j-api/2.10.0/log4j-api-2.10.0.jar:/root/.m2/repository/org/slf4j/jul-to-slf4j/1.7.25/jul-to-slf4j-1.7.25.jar:/root/.m2/repository/javax/annotation/javax.annotation-api/1.3.2/javax.annotation-api-1.3.2.jar:/root/.m2/repository/org/yaml/snakeyaml/1.19/snakeyaml-1.19.jar:/root/.m2/repository/org/springframework/boot/spring-boot-starter-json/2.0.1.RELEASE/spring-boot-starter-json-2.0.1.RELEASE.jar:/root/.m2/repository/com/fasterxml/jackson/datatype/jackson-datatype-jdk8/2.9.3/jackson-datatype-jdk8-2.9.3.jar:/root/.m2/repository/com/fasterxml/jackson/datatype/jackson-datatype-jsr310/2.9.3/jackson-datatype-jsr310-2.9.3.jar:/root/.m2/repository/com/fasterxml/jackson/module/jackson-module-parameter-names/2.9.3/jackson-module-parameter-names-2.9.3.jar:/root/.m2/repository/org/springframework/boot/spring-boot-starter-tomcat/2.0.1.RELEASE/spring-boot-starter-tomcat-2.0.1.RELEASE.jar:/root/.m2/repository/org/apache/tomcat/embed/tomcat-embed-core/8.5.29/tomcat-embed-core-8.5.29.jar:/root/.m2/repository/org/apache/tomcat/embed/tomcat-embed-el/8.5.29/tomcat-embed-el-8.5.29.jar:/root/.m2/repository/org/apache/tomcat/embed/tomcat-embed-websocket/8.5.29/tomcat-embed-websocket-8.5.29.jar:/root/.m2/repository/org/hibernate/validator/hibernate-validator/6.0.9.Final/hibernate-validator-6.0.9.Final.jar:/root/.m2/repository/javax/validation/validation-api/2.0.1.Final/validation-api-2.0.1.Final.jar:/root/.m2/repository/org/jboss/logging/jboss-logging/3.3.2.Final/jboss-logging-3.3.2.Final.jar:/root/.m2/repository/org/springframework/spring-web/5.0.5.RELEASE/spring-web-5.0.5.RELEASE.jar:/root/.m2/repository/org/springframework/spring-beans/5.0.5.RELEASE/spring-beans-5.0.5.RELEASE.jar:/root/.m2/repository/org/springframework/spring-webmvc/5.0.5.RELEASE/spring-webmvc-5.0.5.RELEASE.jar:/root/.m2/repository/org/springframework/spring-aop/5.0.5.RELEASE/spring-aop-5.0.5.RELEASE.jar:/root/.m2/repository/org/springframework/spring-context/5.0.5.RELEASE/spring-context-5.0.5.RELEASE.jar:/root/.m2/repository/org/springframework/spring-expression/5.0.5.RELEASE/spring-expression-5.0.5.RELEASE.jar:/root/.m2/repository/org/springframework/cloud/spring-cloud-starter-config/2.0.0.M9/spring-cloud-starter-config-2.0.0.M9.jar:/root/.m2/repository/org/springframework/cloud/spring-cloud-starter/2.0.0.M9/spring-cloud-starter-2.0.0.M9.jar:/root/.m2/repository/org/springframework/cloud/spring-cloud-context/2.0.0.M9/spring-cloud-context-2.0.0.M9.jar:/root/.m2/repository/org/springframework/security/spring-security-rsa/1.0.5.RELEASE/spring-security-rsa-1.0.5.RELEASE.jar:/root/.m2/repository/org/bouncycastle/bcpkix-jdk15on/1.56/bcpkix-jdk15on-1.56.jar:/root/.m2/repository/org/bouncycastle/bcprov-jdk15on/1.56/bcprov-jdk15on-1.56.jar:/root/.m2/repository/org/springframework/cloud/spring-cloud-config-client/2.0.0.M9/spring-cloud-config-client-2.0.0.M9.jar:/root/.m2/repository/com/fasterxml/jackson/core/jackson-annotations/2.9.0/jackson-annotations-2.9.0.jar:/root/.m2/repository/com/fasterxml/jackson/core/jackson-databind/2.9.3/jackson-databind-2.9.3.jar:/root/.m2/repository/com/fasterxml/jackson/core/jackson-core/2.9.3/jackson-core-2.9.3.jar:/root/.m2/repository/org/springframework/cloud/spring-cloud-starter-netflix-eureka-client/2.0.0.M8/spring-cloud-starter-netflix-eureka-client-2.0.0.M8.jar:/root/.m2/repository/org/springframework/cloud/spring-cloud-netflix-core/2.0.0.M8/spring-cloud-netflix-core-2.0.0.M8.jar:/root/.m2/repository/org/springframework/cloud/spring-cloud-netflix-eureka-client/2.0.0.M8/spring-cloud-netflix-eureka-client-2.0.0.M8.jar:/root/.m2/repository/com/netflix/eureka/eureka-client/1.8.7/eureka-client-1.8.7.jar:/root/.m2/repository/org/codehaus/jettison/jettison/1.3.7/jettison-1.3.7.jar:/root/.m2/repository/stax/stax-api/1.0.1/stax-api-1.0.1.jar:/root/.m2/repository/com/netflix/netflix-commons/netflix-eventbus/0.3.0/netflix-eventbus-0.3.0.jar:/root/.m2/repository/com/netflix/netflix-commons/netflix-infix/0.3.0/netflix-infix-0.3.0.jar:/root/.m2/repository/commons-jxpath/commons-jxpath/1.3/commons-jxpath-1.3.jar:/root/.m2/repository/joda-time/joda-time/2.9.9/joda-time-2.9.9.jar:/root/.m2/repository/org/antlr/antlr-runtime/3.4/antlr-runtime-3.4.jar:/root/.m2/repository/org/antlr/stringtemplate/3.2.1/stringtemplate-3.2.1.jar:/root/.m2/repository/antlr/antlr/2.7.7/antlr-2.7.7.jar:/root/.m2/repository/com/google/code/gson/gson/2.8.2/gson-2.8.2.jar:/root/.m2/repository/org/apache/commons/commons-math/2.2/commons-math-2.2.jar:/root/.m2/repository/com/netflix/archaius/archaius-core/0.7.5/archaius-core-0.7.5.jar:/root/.m2/repository/javax/ws/rs/jsr311-api/1.1.1/jsr311-api-1.1.1.jar:/root/.m2/repository/com/netflix/servo/servo-core/0.10.1/servo-core-0.10.1.jar:/root/.m2/repository/com/netflix/servo/servo-internal/0.10.1/servo-internal-0.10.1.jar:/root/.m2/repository/com/sun/jersey/jersey-core/1.19.1/jersey-core-1.19.1.jar:/root/.m2/repository/com/sun/jersey/jersey-client/1.19.1/jersey-client-1.19.1.jar:/root/.m2/repository/com/sun/jersey/contribs/jersey-apache-client4/1.19.1/jersey-apache-client4-1.19.1.jar:/root/.m2/repository/org/apache/httpcomponents/httpclient/4.5.5/httpclient-4.5.5.jar:/root/.m2/repository/org/apache/httpcomponents/httpcore/4.4.9/httpcore-4.4.9.jar:/root/.m2/repository/commons-codec/commons-codec/1.11/commons-codec-1.11.jar:/root/.m2/repository/com/google/inject/guice/4.1.0/guice-4.1.0.jar:/root/.m2/repository/aopalliance/aopalliance/1.0/aopalliance-1.0.jar:/root/.m2/repository/com/github/vlsi/compactmap/compactmap/1.2.1/compactmap-1.2.1.jar:/root/.m2/repository/com/github/andrewoma/dexx/dexx-collections/0.2/dexx-collections-0.2.jar:/root/.m2/repository/com/netflix/eureka/eureka-core/1.8.7/eureka-core-1.8.7.jar:/root/.m2/repository/org/codehaus/woodstox/woodstox-core-asl/4.4.1/woodstox-core-asl-4.4.1.jar:/root/.m2/repository/javax/xml/stream/stax-api/1.0-2/stax-api-1.0-2.jar:/root/.m2/repository/org/codehaus/woodstox/stax2-api/3.1.4/stax2-api-3.1.4.jar:/root/.m2/repository/org/springframework/cloud/spring-cloud-starter-netflix-archaius/2.0.0.M8/spring-cloud-starter-netflix-archaius-2.0.0.M8.jar:/root/.m2/repository/org/springframework/cloud/spring-cloud-netflix-archaius/2.0.0.M8/spring-cloud-netflix-archaius-2.0.0.M8.jar:/root/.m2/repository/commons-configuration/commons-configuration/1.8/commons-configuration-1.8.jar:/root/.m2/repository/com/netflix/ribbon/ribbon-eureka/2.2.5/ribbon-eureka-2.2.5.jar:/root/.m2/repository/com/thoughtworks/xstream/xstream/1.4.10/xstream-1.4.10.jar:/root/.m2/repository/xmlpull/xmlpull/1.1.3.1/xmlpull-1.1.3.1.jar:/root/.m2/repository/xpp3/xpp3_min/1.1.4c/xpp3_min-1.1.4c.jar:/root/.m2/repository/org/springframework/cloud/spring-cloud-starter-netflix-hystrix/2.0.0.M8/spring-cloud-starter-netflix-hystrix-2.0.0.M8.jar:/root/.m2/repository/org/springframework/cloud/spring-cloud-netflix-ribbon/2.0.0.M8/spring-cloud-netflix-ribbon-2.0.0.M8.jar:/root/.m2/repository/com/netflix/hystrix/hystrix-core/1.5.12/hystrix-core-1.5.12.jar:/root/.m2/repository/org/hdrhistogram/HdrHistogram/2.1.9/HdrHistogram-2.1.9.jar:/root/.m2/repository/com/netflix/hystrix/hystrix-serialization/1.5.12/hystrix-serialization-1.5.12.jar:/root/.m2/repository/com/fasterxml/jackson/module/jackson-module-afterburner/2.9.3/jackson-module-afterburner-2.9.3.jar:/root/.m2/repository/com/netflix/hystrix/hystrix-metrics-event-stream/1.5.12/hystrix-metrics-event-stream-1.5.12.jar:/root/.m2/repository/com/netflix/hystrix/hystrix-javanica/1.5.12/hystrix-javanica-1.5.12.jar:/root/.m2/repository/org/ow2/asm/asm/5.0.4/asm-5.0.4.jar:/root/.m2/repository/org/aspectj/aspectjweaver/1.8.13/aspectjweaver-1.8.13.jar:/root/.m2/repository/io/reactivex/rxjava-reactive-streams/1.2.1/rxjava-reactive-streams-1.2.1.jar:/root/.m2/repository/org/reactivestreams/reactive-streams/1.0.2/reactive-streams-1.0.2.jar:/root/.m2/repository/org/springframework/cloud/spring-cloud-starter-netflix-hystrix-dashboard/2.0.0.M8/spring-cloud-starter-netflix-hystrix-dashboard-2.0.0.M8.jar:/root/.m2/repository/org/springframework/cloud/spring-cloud-netflix-hystrix-dashboard/2.0.0.M8/spring-cloud-netflix-hystrix-dashboard-2.0.0.M8.jar:/root/.m2/repository/org/springframework/boot/spring-boot-starter-freemarker/2.0.1.RELEASE/spring-boot-starter-freemarker-2.0.1.RELEASE.jar:/root/.m2/repository/org/freemarker/freemarker/2.3.28/freemarker-2.3.28.jar:/root/.m2/repository/org/springframework/spring-context-support/5.0.5.RELEASE/spring-context-support-5.0.5.RELEASE.jar:/root/.m2/repository/org/webjars/jquery/2.1.1/jquery-2.1.1.jar:/root/.m2/repository/org/webjars/d3js/3.4.11/d3js-3.4.11.jar:/root/.m2/repository/org/springframework/cloud/spring-cloud-starter-netflix-ribbon/2.0.0.M8/spring-cloud-starter-netflix-ribbon-2.0.0.M8.jar:/root/.m2/repository/com/netflix/ribbon/ribbon/2.2.5/ribbon-2.2.5.jar:/root/.m2/repository/com/netflix/ribbon/ribbon-transport/2.2.5/ribbon-transport-2.2.5.jar:/root/.m2/repository/io/reactivex/rxnetty-contexts/0.4.9/rxnetty-contexts-0.4.9.jar:/root/.m2/repository/io/reactivex/rxnetty-servo/0.4.9/rxnetty-servo-0.4.9.jar:/root/.m2/repository/javax/inject/javax.inject/1/javax.inject-1.jar:/root/.m2/repository/io/reactivex/rxnetty/0.4.9/rxnetty-0.4.9.jar:/root/.m2/repository/io/netty/netty-codec-http/4.1.23.Final/netty-codec-http-4.1.23.Final.jar:/root/.m2/repository/io/netty/netty-codec/4.1.23.Final/netty-codec-4.1.23.Final.jar:/root/.m2/repository/io/netty/netty-transport-native-epoll/4.1.23.Final/netty-transport-native-epoll-4.1.23.Final.jar:/root/.m2/repository/io/netty/netty-common/4.1.23.Final/netty-common-4.1.23.Final.jar:/root/.m2/repository/io/netty/netty-buffer/4.1.23.Final/netty-buffer-4.1.23.Final.jar:/root/.m2/repository/io/netty/netty-transport-native-unix-common/4.1.23.Final/netty-transport-native-unix-common-4.1.23.Final.jar:/root/.m2/repository/io/netty/netty-transport/4.1.23.Final/netty-transport-4.1.23.Final.jar:/root/.m2/repository/io/netty/netty-resolver/4.1.23.Final/netty-resolver-4.1.23.Final.jar:/root/.m2/repository/com/netflix/ribbon/ribbon-core/2.2.5/ribbon-core-2.2.5.jar:/root/.m2/repository/commons-lang/commons-lang/2.6/commons-lang-2.6.jar:/root/.m2/repository/com/netflix/ribbon/ribbon-httpclient/2.2.5/ribbon-httpclient-2.2.5.jar:/root/.m2/repository/commons-collections/commons-collections/3.2.2/commons-collections-3.2.2.jar:/root/.m2/repository/com/netflix/netflix-commons/netflix-commons-util/0.1.1/netflix-commons-util-0.1.1.jar:/root/.m2/repository/com/netflix/ribbon/ribbon-loadbalancer/2.2.5/ribbon-loadbalancer-2.2.5.jar:/root/.m2/repository/com/netflix/netflix-commons/netflix-statistics/0.1.1/netflix-statistics-0.1.1.jar:/root/.m2/repository/io/reactivex/rxjava/1.3.8/rxjava-1.3.8.jar:/root/.m2/repository/org/springframework/cloud/spring-cloud-starter-netflix-turbine/2.0.0.M8/spring-cloud-starter-netflix-turbine-2.0.0.M8.jar:/root/.m2/repository/org/springframework/cloud/spring-cloud-netflix-turbine/2.0.0.M8/spring-cloud-netflix-turbine-2.0.0.M8.jar:/root/.m2/repository/com/netflix/turbine/turbine-core/1.0.0/turbine-core-1.0.0.jar:/root/.m2/repository/org/codehaus/jackson/jackson-mapper-asl/1.9.2/jackson-mapper-asl-1.9.2.jar:/root/.m2/repository/commons-io/commons-io/2.4/commons-io-2.4.jar:/root/.m2/repository/org/codehaus/jackson/jackson-core-asl/1.9.2/jackson-core-asl-1.9.2.jar:/root/.m2/repository/org/springframework/cloud/spring-cloud-starter-openfeign/2.0.0.M2/spring-cloud-starter-openfeign-2.0.0.M2.jar:/root/.m2/repository/org/springframework/cloud/spring-cloud-openfeign-core/2.0.0.M2/spring-cloud-openfeign-core-2.0.0.M2.jar:/root/.m2/repository/org/springframework/cloud/spring-cloud-commons/2.0.0.M9/spring-cloud-commons-2.0.0.M9.jar:/root/.m2/repository/org/springframework/security/spring-security-crypto/5.0.4.RELEASE/spring-security-crypto-5.0.4.RELEASE.jar:/root/.m2/repository/io/github/openfeign/feign-core/9.5.1/feign-core-9.5.1.jar:/root/.m2/repository/io/github/openfeign/feign-slf4j/9.5.1/feign-slf4j-9.5.1.jar:/root/.m2/repository/io/github/openfeign/feign-hystrix/9.5.1/feign-hystrix-9.5.1.jar:/root/.m2/repository/io/github/openfeign/feign-java8/9.5.1/feign-java8-9.5.1.jar:/root/.m2/repository/org/springframework/cloud/spring-cloud-starter-sleuth/2.0.0.M9/spring-cloud-starter-sleuth-2.0.0.M9.jar:/root/.m2/repository/org/springframework/boot/spring-boot-starter-aop/2.0.1.RELEASE/spring-boot-starter-aop-2.0.1.RELEASE.jar:/root/.m2/repository/org/springframework/cloud/spring-cloud-sleuth-core/2.0.0.M9/spring-cloud-sleuth-core-2.0.0.M9.jar:/root/.m2/repository/org/aspectj/aspectjrt/1.8.13/aspectjrt-1.8.13.jar:/root/.m2/repository/io/zipkin/brave/brave/4.18.2/brave-4.18.2.jar:/root/.m2/repository/io/zipkin/brave/brave-context-log4j2/4.18.2/brave-context-log4j2-4.18.2.jar:/root/.m2/repository/io/zipkin/brave/brave-instrumentation-spring-web/4.18.2/brave-instrumentation-spring-web-4.18.2.jar:/root/.m2/repository/io/zipkin/brave/brave-instrumentation-http/4.18.2/brave-instrumentation-http-4.18.2.jar:/root/.m2/repository/io/zipkin/brave/brave-instrumentation-spring-rabbit/4.18.2/brave-instrumentation-spring-rabbit-4.18.2.jar:/root/.m2/repository/io/zipkin/brave/brave-instrumentation-kafka-clients/4.18.2/brave-instrumentation-kafka-clients-4.18.2.jar:/root/.m2/repository/io/zipkin/brave/brave-instrumentation-httpclient/4.18.2/brave-instrumentation-httpclient-4.18.2.jar:/root/.m2/repository/io/zipkin/brave/brave-instrumentation-httpasyncclient/4.18.2/brave-instrumentation-httpasyncclient-4.18.2.jar:/root/.m2/repository/io/zipkin/brave/brave-instrumentation-spring-webmvc/4.18.2/brave-instrumentation-spring-webmvc-4.18.2.jar:/root/.m2/repository/io/zipkin/brave/brave-instrumentation-servlet/4.18.2/brave-instrumentation-servlet-4.18.2.jar:/root/.m2/repository/org/springframework/cloud/spring-cloud-starter-zipkin/2.0.0.M9/spring-cloud-starter-zipkin-2.0.0.M9.jar:/root/.m2/repository/org/springframework/cloud/spring-cloud-sleuth-zipkin/2.0.0.M9/spring-cloud-sleuth-zipkin-2.0.0.M9.jar:/root/.m2/repository/io/zipkin/zipkin2/zipkin/2.6.1/zipkin-2.6.1.jar:/root/.m2/repository/io/zipkin/reporter2/zipkin-reporter/2.5.0/zipkin-reporter-2.5.0.jar:/root/.m2/repository/io/zipkin/reporter2/zipkin-sender-kafka11/2.5.0/zipkin-sender-kafka11-2.5.0.jar:/root/.m2/repository/io/zipkin/reporter2/zipkin-sender-amqp-client/2.5.0/zipkin-sender-amqp-client-2.5.0.jar:/root/.m2/repository/org/springframework/boot/spring-boot-starter-amqp/2.0.1.RELEASE/spring-boot-starter-amqp-2.0.1.RELEASE.jar:/root/.m2/repository/org/springframework/spring-messaging/5.0.5.RELEASE/spring-messaging-5.0.5.RELEASE.jar:/root/.m2/repository/org/springframework/amqp/spring-rabbit/2.0.3.RELEASE/spring-rabbit-2.0.3.RELEASE.jar:/root/.m2/repository/org/springframework/amqp/spring-amqp/2.0.3.RELEASE/spring-amqp-2.0.3.RELEASE.jar:/root/.m2/repository/com/rabbitmq/amqp-client/5.1.2/amqp-client-5.1.2.jar:/root/.m2/repository/com/rabbitmq/http-client/2.0.1.RELEASE/http-client-2.0.1.RELEASE.jar:/root/.m2/repository/org/springframework/spring-webflux/5.0.5.RELEASE/spring-webflux-5.0.5.RELEASE.jar:/root/.m2/repository/io/projectreactor/ipc/reactor-netty/0.7.6.RELEASE/reactor-netty-0.7.6.RELEASE.jar:/root/.m2/repository/io/netty/netty-handler/4.1.23.Final/netty-handler-4.1.23.Final.jar:/root/.m2/repository/io/netty/netty-handler-proxy/4.1.23.Final/netty-handler-proxy-4.1.23.Final.jar:/root/.m2/repository/io/netty/netty-codec-socks/4.1.23.Final/netty-codec-socks-4.1.23.Final.jar:/root/.m2/repository/org/springframework/spring-tx/5.0.5.RELEASE/spring-tx-5.0.5.RELEASE.jar:/root/.m2/repository/org/springframework/retry/spring-retry/1.2.2.RELEASE/spring-retry-1.2.2.RELEASE.jar:/root/.m2/repository/org/springframework/cloud/spring-cloud-starter-bus-amqp/2.0.0.M7/spring-cloud-starter-bus-amqp-2.0.0.M7.jar:/root/.m2/repository/org/springframework/cloud/spring-cloud-starter-stream-rabbit/2.0.0.RC3/spring-cloud-starter-stream-rabbit-2.0.0.RC3.jar:/root/.m2/repository/org/springframework/cloud/spring-cloud-stream-binder-rabbit/2.0.0.RC3/spring-cloud-stream-binder-rabbit-2.0.0.RC3.jar:/root/.m2/repository/org/springframework/cloud/spring-cloud-stream-binder-rabbit-core/2.0.0.RC3/spring-cloud-stream-binder-rabbit-core-2.0.0.RC3.jar:/root/.m2/repository/org/springframework/integration/spring-integration-amqp/5.0.4.RELEASE/spring-integration-amqp-5.0.4.RELEASE.jar:/root/.m2/repository/org/springframework/integration/spring-integration-jmx/5.0.4.RELEASE/spring-integration-jmx-5.0.4.RELEASE.jar:/root/.m2/repository/org/springframework/cloud/spring-cloud-bus/2.0.0.M7/spring-cloud-bus-2.0.0.M7.jar:/root/.m2/repository/org/springframework/cloud/spring-cloud-stream/2.0.0.RC3/spring-cloud-stream-2.0.0.RC3.jar:/root/.m2/repository/org/springframework/boot/spring-boot-starter-validation/2.0.1.RELEASE/spring-boot-starter-validation-2.0.1.RELEASE.jar:/root/.m2/repository/org/springframework/spring-tuple/1.0.0.RELEASE/spring-tuple-1.0.0.RELEASE.jar:/root/.m2/repository/com/esotericsoftware/kryo-shaded/3.0.3/kryo-shaded-3.0.3.jar:/root/.m2/repository/com/esotericsoftware/minlog/1.3.0/minlog-1.3.0.jar:/root/.m2/repository/org/springframework/integration/spring-integration-tuple/1.0.0.RELEASE/spring-integration-tuple-1.0.0.RELEASE.jar:/root/.m2/repository/org/springframework/integration/spring-integration-core/5.0.4.RELEASE/spring-integration-core-5.0.4.RELEASE.jar:/root/.m2/repository/io/projectreactor/reactor-core/3.1.6.RELEASE/reactor-core-3.1.6.RELEASE.jar:/root/.m2/repository/org/springframework/boot/spring-boot-starter-data-mongodb/2.0.1.RELEASE/spring-boot-starter-data-mongodb-2.0.1.RELEASE.jar:/root/.m2/repository/org/mongodb/mongodb-driver/3.6.3/mongodb-driver-3.6.3.jar:/root/.m2/repository/org/mongodb/bson/3.6.3/bson-3.6.3.jar:/root/.m2/repository/org/mongodb/mongodb-driver-core/3.6.3/mongodb-driver-core-3.6.3.jar:/root/.m2/repository/org/springframework/data/spring-data-mongodb/2.0.6.RELEASE/spring-data-mongodb-2.0.6.RELEASE.jar:/root/.m2/repository/org/springframework/data/spring-data-commons/2.0.6.RELEASE/spring-data-commons-2.0.6.RELEASE.jar:/root/.m2/repository/org/apache/maven/maven-model/3.3.9/maven-model-3.3.9.jar:/root/.m2/repository/org/codehaus/plexus/plexus-utils/3.0.22/plexus-utils-3.0.22.jar:/root/.m2/repository/org/apache/commons/commons-lang3/3.7/commons-lang3-3.7.jar:/root/.m2/repository/io/springfox/springfox-swagger2/2.6.1/springfox-swagger2-2.6.1.jar:/root/.m2/repository/io/swagger/swagger-annotations/1.5.10/swagger-annotations-1.5.10.jar:/root/.m2/repository/io/swagger/swagger-models/1.5.10/swagger-models-1.5.10.jar:/root/.m2/repository/io/springfox/springfox-spi/2.6.1/springfox-spi-2.6.1.jar:/root/.m2/repository/io/springfox/springfox-core/2.6.1/springfox-core-2.6.1.jar:/root/.m2/repository/io/springfox/springfox-schema/2.6.1/springfox-schema-2.6.1.jar:/root/.m2/repository/io/springfox/springfox-swagger-common/2.6.1/springfox-swagger-common-2.6.1.jar:/root/.m2/repository/io/springfox/springfox-spring-web/2.6.1/springfox-spring-web-2.6.1.jar:/root/.m2/repository/com/google/guava/guava/18.0/guava-18.0.jar:/root/.m2/repository/com/fasterxml/classmate/1.3.4/classmate-1.3.4.jar:/root/.m2/repository/org/slf4j/slf4j-api/1.7.25/slf4j-api-1.7.25.jar:/root/.m2/repository/org/springframework/plugin/spring-plugin-core/1.2.0.RELEASE/spring-plugin-core-1.2.0.RELEASE.jar:/root/.m2/repository/org/springframework/plugin/spring-plugin-metadata/1.2.0.RELEASE/spring-plugin-metadata-1.2.0.RELEASE.jar:/root/.m2/repository/org/mapstruct/mapstruct/1.0.0.Final/mapstruct-1.0.0.Final.jar:/root/.m2/repository/io/springfox/springfox-swagger-ui/2.6.1/springfox-swagger-ui-2.6.1.jar:/root/.m2/repository/org/springframework/boot/spring-boot-starter-test/2.0.1.RELEASE/spring-boot-starter-test-2.0.1.RELEASE.jar:/root/.m2/repository/org/springframework/boot/spring-boot-test/2.0.1.RELEASE/spring-boot-test-2.0.1.RELEASE.jar:/root/.m2/repository/org/springframework/boot/spring-boot-test-autoconfigure/2.0.1.RELEASE/spring-boot-test-autoconfigure-2.0.1.RELEASE.jar:/root/.m2/repository/com/jayway/jsonpath/json-path/2.4.0/json-path-2.4.0.jar:/root/.m2/repository/net/minidev/json-smart/2.3/json-smart-2.3.jar:/root/.m2/repository/net/minidev/accessors-smart/1.2/accessors-smart-1.2.jar:/root/.m2/repository/junit/junit/4.12/junit-4.12.jar:/root/.m2/repository/org/assertj/assertj-core/3.9.1/assertj-core-3.9.1.jar:/root/.m2/repository/org/mockito/mockito-core/2.15.0/mockito-core-2.15.0.jar:/root/.m2/repository/net/bytebuddy/byte-buddy/1.7.11/byte-buddy-1.7.11.jar:/root/.m2/repository/net/bytebuddy/byte-buddy-agent/1.7.11/byte-buddy-agent-1.7.11.jar:/root/.m2/repository/org/objenesis/objenesis/2.6/objenesis-2.6.jar:/root/.m2/repository/org/hamcrest/hamcrest-core/1.3/hamcrest-core-1.3.jar:/root/.m2/repository/org/hamcrest/hamcrest-library/1.3/hamcrest-library-1.3.jar:/root/.m2/repository/org/skyscreamer/jsonassert/1.5.0/jsonassert-1.5.0.jar:/root/.m2/repository/com/vaadin/external/google/android-json/0.0.20131108.vaadin1/android-json-0.0.20131108.vaadin1.jar:/root/.m2/repository/org/springframework/spring-core/5.0.5.RELEASE/spring-core-5.0.5.RELEASE.jar:/root/.m2/repository/org/springframework/spring-jcl/5.0.5.RELEASE/spring-jcl-5.0.5.RELEASE.jar:/root/.m2/repository/org/springframework/spring-test/5.0.5.RELEASE/spring-test-5.0.5.RELEASE.jar:/root/.m2/repository/org/xmlunit/xmlunit-core/2.5.1/xmlunit-core-2.5.1.jar:/root/.m2/repository/com/thetransactioncompany/cors-filter/2.6/cors-filter-2.6.jar:/root/.m2/repository/com/thetransactioncompany/java-property-utils/1.9.1/java-property-utils-1.9.1.jar:"/>
    <property name="sun.cpu.endian" value="little"/>
    <property name="user.home" value="/root"/>
    <property name="user.language" value="en"/>
    <property name="java.specification.vendor" value="Oracle Corporation"/>
    <property name="java.home" value="/usr/lib/jvm/java-8-openjdk-amd64/jre"/>
    <property name="basedir" value="/home/sapient/Documents/uservendor-activity-service"/>
    <property name="file.separator" value="/"/>
    <property name="line.separator" value="&#10;"/>
    <property name="java.vm.specification.vendor" value="Oracle Corporation"/>
    <property name="java.specification.name" value="Java Platform API Specification"/>
    <property name="java.awt.graphicsenv" value="sun.awt.X11GraphicsEnvironment"/>
    <property name="surefire.real.class.path" value="/home/sapient/Documents/uservendor-activity-service/target/surefire/surefirebooter396580088544819375.jar"/>
    <property name="sun.boot.class.path" value="/usr/lib/jvm/java-8-openjdk-amd64/jre/lib/resources.jar:/usr/lib/jvm/java-8-openjdk-amd64/jre/lib/rt.jar:/usr/lib/jvm/java-8-openjdk-amd64/jre/lib/sunrsasign.jar:/usr/lib/jvm/java-8-openjdk-amd64/jre/lib/jsse.jar:/usr/lib/jvm/java-8-openjdk-amd64/jre/lib/jce.jar:/usr/lib/jvm/java-8-openjdk-amd64/jre/lib/charsets.jar:/usr/lib/jvm/java-8-openjdk-amd64/jre/lib/jfr.jar:/usr/lib/jvm/java-8-openjdk-amd64/jre/classes"/>
    <property name="sun.management.compiler" value="HotSpot 64-Bit Tiered Compilers"/>
    <property name="java.runtime.version" value="1.8.0_162-8u162-b12-0ubuntu0.16.04.2-b12"/>
    <property name="user.name" value="root"/>
    <property name="path.separator" value=":"/>
    <property name="os.version" value="4.13.0-38-generic"/>
    <property name="java.endorsed.dirs" value="/usr/lib/jvm/java-8-openjdk-amd64/jre/lib/endorsed"/>
    <property name="java.runtime.name" value="OpenJDK Runtime Environment"/>
    <property name="file.encoding" value="UTF-8"/>
    <property name="java.vm.name" value="OpenJDK 64-Bit Server VM"/>
    <property name="localRepository" value="/root/.m2/repository"/>
    <property name="java.vendor.url.bug" value="http://bugreport.sun.com/bugreport/"/>
    <property name="java.io.tmpdir" value="/tmp"/>
    <property name="java.version" value="1.8.0_162"/>
    <property name="user.dir" value="/home/sapient/Documents/uservendor-activity-service"/>
    <property name="os.arch" value="amd64"/>
    <property name="java.vm.specification.name" value="Java Virtual Machine Specification"/>
    <property name="java.awt.printerjob" value="sun.print.PSPrinterJob"/>
    <property name="sun.os.patch.level" value="unknown"/>
    <property name="java.library.path" value="/usr/java/packages/lib/amd64:/usr/lib/x86_64-linux-gnu/jni:/lib/x86_64-linux-gnu:/usr/lib/x86_64-linux-gnu:/usr/lib/jni:/lib:/usr/lib"/>
    <property name="java.vm.info" value="mixed mode"/>
    <property name="java.vendor" value="Oracle Corporation"/>
    <property name="java.vm.version" value="25.162-b12"/>
    <property name="java.ext.dirs" value="/usr/lib/jvm/java-8-openjdk-amd64/jre/lib/ext:/usr/java/packages/lib/ext"/>
    <property name="sun.io.unicode.encoding" value="UnicodeLittle"/>
    <property name="java.class.version" value="52.0"/>
  </properties>
  <testcase name="userDataPositiveTest" classname="com.offershopper.uservendoractivityservice.UservendorActivityServiceControllerTests" time="0.339"/>
  <testcase name="deleteOfferNegativeTest" classname="com.offershopper.uservendoractivityservice.UservendorActivityServiceControllerTests" time="0"/>
  <testcase name="wishlistNegativeDelete" classname="com.offershopper.uservendoractivityservice.UservendorActivityServiceControllerTests" time="0"/>
  <testcase name="userDataNegativeTest" classname="com.offershopper.uservendoractivityservice.UservendorActivityServiceControllerTests" time="0"/>
  <testcase name="wishlistPositiveDelete" classname="com.offershopper.uservendoractivityservice.UservendorActivityServiceControllerTests" time="0"/>
  <testcase name="subscribeNegativeDelete" classname="com.offershopper.uservendoractivityservice.UservendorActivityServiceControllerTests" time="0.014"/>
  <testcase name="addReferralPositiveTest" classname="com.offershopper.uservendoractivityservice.UservendorActivityServiceControllerTests" time="0.006"/>
  <testcase name="addReferralNegativeTest" classname="com.offershopper.uservendoractivityservice.UservendorActivityServiceControllerTests" time="0.004"/>
  <testcase name="addOfferPositiveTest" classname="com.offershopper.uservendoractivityservice.UservendorActivityServiceControllerTests" time="0.053"/>
  <testcase name="subscribePositiveDelete" classname="com.offershopper.uservendoractivityservice.UservendorActivityServiceControllerTests" time="0.005"/>
  <testcase name="addOfferNegativeTest" classname="com.offershopper.uservendoractivityservice.UservendorActivityServiceControllerTests" time="0.004"/>
  <testcase name="updateUserPostiveTest" classname="com.offershopper.uservendoractivityservice.UservendorActivityServiceControllerTests" time="0.007"/>
  <testcase name="addCarryBagPositiveTest" classname="com.offershopper.uservendoractivityservice.UservendorActivityServiceControllerTests" time="0.007"/>
  <testcase name="updateUserNegativeTest" classname="com.offershopper.uservendoractivityservice.UservendorActivityServiceControllerTests" time="0.007"/>
  <testcase name="carryBagNegativeDelete" classname="com.offershopper.uservendoractivityservice.UservendorActivityServiceControllerTests" time="0.006"/>
  <testcase name="addCarryBagNegativeTest" classname="com.offershopper.uservendoractivityservice.UservendorActivityServiceControllerTests" time="0.007"/>
  <testcase name="getSubscriptionPostiveTest" classname="com.offershopper.uservendoractivityservice.UservendorActivityServiceControllerTests" time="0.006"/>
  <testcase name="getCarryBagPositiveTest" classname="com.offershopper.uservendoractivityservice.UservendorActivityServiceControllerTests" time="0.006"/>
  <testcase name="getCarryBagNegativeTest" classname="com.offershopper.uservendoractivityservice.UservendorActivityServiceControllerTests" time="0.007"/>
  <testcase name="carryBagPositiveDelete" classname="com.offershopper.uservendoractivityservice.UservendorActivityServiceControllerTests" time="0.006"/>
  <testcase name="getSubscriptionNegativeTest" classname="com.offershopper.uservendoractivityservice.UservendorActivityServiceControllerTests" time="0.003"/>
  <testcase name="addSubscribePositiveTest" classname="com.offershopper.uservendoractivityservice.UservendorActivityServiceControllerTests" time="0.005"/>
  <testcase name="updateOfferPositiveTest" classname="com.offershopper.uservendoractivityservice.UservendorActivityServiceControllerTests" time="0.009"/>
  <testcase name="addSubscribeNegativeTest" classname="com.offershopper.uservendoractivityservice.UservendorActivityServiceControllerTests" time="0.005"/>
  <testcase name="updateOfferNegativeTest" classname="com.offershopper.uservendoractivityservice.UservendorActivityServiceControllerTests" time="0.007"/>
  <testcase name="getWishListPositiveTest" classname="com.offershopper.uservendoractivityservice.UservendorActivityServiceControllerTests" time="0.011"/>
  <testcase name="getWishListNegativeTest" classname="com.offershopper.uservendoractivityservice.UservendorActivityServiceControllerTests" time="0.006"/>
  <testcase name="addWishlistPositiveTest" classname="com.offershopper.uservendoractivityservice.UservendorActivityServiceControllerTests" time="0.01"/>
  <testcase name="addWishlistNegativeTest" classname="com.offershopper.uservendoractivityservice.UservendorActivityServiceControllerTests" time="0.007"/>
  <testcase name="deleteOfferPositiveTest" classname="com.offershopper.uservendoractivityservice.UservendorActivityServiceControllerTests" time="0.005"/>
</testsuite>